<?xml version="1.0" encoding="UTF-8" standalone="no" ?>
<options>
    <option name='option1'>45</option>
    <option name='option2'>67</option>
    <option name='option3'>89</option>
</options>
