<?xml version="1.0" encoding="UTF-8" standalone="no" ?>
<options>
    <option name='option1'>aaa</option>
    <option name='option2'>bbb</option>
    <option name='option3'>ccc</option>
</options>
