<?xml version="1.0" encoding="UTF-8" standalone="no" ?>
<information>
    <set id='1'>
       <x>1</x>
       <y>2</y>
       <z>3</z>
    </set>
    <set id='2'>
       <x>4</x>
       <y>5</y>
       <z>6</z>
    </set>
</information>
